<?xml version="1.0" encoding="UTF-8"?>
<!-- Generated by org.testng.reporters.JUnitReportReporter -->
<testsuite hostname="Pankajs-Device" failures="0" tests="4" name="api.test.UserTests" time="2.095" errors="0" timestamp="24 May 2023 00:57:20 GMT" skipped="0">
  <testcase classname="api.test.UserTests" name="testPostUser" time="1.454"/>
  <testcase classname="api.test.UserTests" name="getUserByName" time="0.243"/>
  <testcase classname="api.test.UserTests" name="upadateUser" time="0.194"/>
  <testcase classname="api.test.UserTests" name="deleteUser" time="0.204"/>
</testsuite> <!-- api.test.UserTests -->
